<?xml version="1.0" encoding="UTF-8" ?>
<testsuite failures="0" time="0.47" errors="1" skipped="0" tests="1" name="com.ideastobettertheworld.TestHomePage">
  <properties>
    <property name="java.runtime.name" value="Java(TM) SE Runtime Environment"/>
    <property name="sun.boot.library.path" value="/System/Library/Java/JavaVirtualMachines/1.6.0.jdk/Contents/Libraries"/>
    <property name="java.vm.version" value="20.1-b02-383"/>
    <property name="awt.nativeDoubleBuffering" value="true"/>
    <property name="gopherProxySet" value="false"/>
    <property name="mrj.build" value="11A511"/>
    <property name="java.vm.vendor" value="Apple Inc."/>
    <property name="java.vendor.url" value="http://www.apple.com/"/>
    <property name="path.separator" value=":"/>
    <property name="java.vm.name" value="Java HotSpot(TM) 64-Bit Server VM"/>
    <property name="file.encoding.pkg" value="sun.io"/>
    <property name="user.country" value="US"/>
    <property name="sun.java.launcher" value="SUN_STANDARD"/>
    <property name="sun.os.patch.level" value="unknown"/>
    <property name="java.vm.specification.name" value="Java Virtual Machine Specification"/>
    <property name="user.dir" value="/Users/scott/Documents/Workspace/Ideas-To-Change-The-World/bettertomorrow"/>
    <property name="java.runtime.version" value="1.6.0_26-b03-383-11A511"/>
    <property name="java.awt.graphicsenv" value="apple.awt.CGraphicsEnvironment"/>
    <property name="basedir" value="/Users/scott/Documents/Workspace/Ideas-To-Change-The-World/bettertomorrow"/>
    <property name="java.endorsed.dirs" value="/System/Library/Java/JavaVirtualMachines/1.6.0.jdk/Contents/Home/lib/endorsed"/>
    <property name="os.arch" value="x86_64"/>
    <property name="surefire.real.class.path" value="/Users/scott/Documents/Workspace/Ideas-To-Change-The-World/bettertomorrow/target/surefire/surefirebooter2341832318426865104.jar"/>
    <property name="java.io.tmpdir" value="/var/folders/_c/n63ztkzj0lv3dc8vpr3hm0kh0000gn/T/"/>
    <property name="line.separator" value="
"/>
    <property name="java.vm.specification.vendor" value="Sun Microsystems Inc."/>
    <property name="os.name" value="Mac OS X"/>
    <property name="sun.jnu.encoding" value="MacRoman"/>
    <property name="java.library.path" value="/Applications/Development/IntelliJ IDEA 10 CE.app/Contents/Resources/Java:/System/Library/PrivateFrameworks/JavaApplicationLauncher.framework/Resources:.:/Users/scott/Library/Java/Extensions:/Library/Java/Extensions:/System/Library/Java/Extensions:/usr/lib/java"/>
    <property name="surefire.test.class.path" value="/Users/scott/Documents/Workspace/Ideas-To-Change-The-World/bettertomorrow/target/test-classes:/Users/scott/Documents/Workspace/Ideas-To-Change-The-World/bettertomorrow/target/classes:/Users/scott/.m2/repository/com/ideas/api-client/1.01/api-client-1.01.jar:/Users/scott/.m2/repository/com/ideas/utilities/1.01/utilities-1.01.jar:/Users/scott/.m2/repository/org/codehaus/jackson/jackson-mapper-asl/1.6.2/jackson-mapper-asl-1.6.2.jar:/Users/scott/.m2/repository/org/codehaus/jackson/jackson-core-asl/1.6.2/jackson-core-asl-1.6.2.jar:/Users/scott/.m2/repository/org/apache/httpcomponents/httpclient/4.0.1/httpclient-4.0.1.jar:/Users/scott/.m2/repository/org/apache/httpcomponents/httpcore/4.0.1/httpcore-4.0.1.jar:/Users/scott/.m2/repository/commons-logging/commons-logging/1.1.1/commons-logging-1.1.1.jar:/Users/scott/.m2/repository/commons-codec/commons-codec/1.3/commons-codec-1.3.jar:/Users/scott/.m2/repository/org/apache/httpcomponents/httpmime/4.0.1/httpmime-4.0.1.jar:/Users/scott/.m2/repository/org/apache/james/apache-mime4j/0.6/apache-mime4j-0.6.jar:/Users/scott/.m2/repository/org/mongodb/mongo-java-driver/1.3/mongo-java-driver-1.3.jar:/Users/scott/.m2/repository/org/apache/wicket/wicket/1.4.18/wicket-1.4.18.jar:/Users/scott/.m2/repository/org/slf4j/slf4j-api/1.5.8/slf4j-api-1.5.8.jar:/Users/scott/.m2/repository/org/slf4j/slf4j-log4j12/1.5.8/slf4j-log4j12-1.5.8.jar:/Users/scott/.m2/repository/log4j/log4j/1.2.14/log4j-1.2.14.jar:/Users/scott/.m2/repository/junit/junit/4.8.1/junit-4.8.1.jar:/Users/scott/.m2/repository/org/mortbay/jetty/jetty/6.1.25/jetty-6.1.25.jar:/Users/scott/.m2/repository/org/mortbay/jetty/servlet-api/2.5-20081211/servlet-api-2.5-20081211.jar:/Users/scott/.m2/repository/org/mortbay/jetty/jetty-util/6.1.25/jetty-util-6.1.25.jar:/Users/scott/.m2/repository/org/mortbay/jetty/jetty-management/6.1.25/jetty-management-6.1.25.jar:"/>
    <property name="java.specification.name" value="Java Platform API Specification"/>
    <property name="java.class.version" value="50.0"/>
    <property name="sun.management.compiler" value="HotSpot 64-Bit Tiered Compilers"/>
    <property name="os.version" value="10.7.1"/>
    <property name="http.nonProxyHosts" value="local|*.local|169.254/16|*.169.254/16"/>
    <property name="user.home" value="/Users/scott"/>
    <property name="user.timezone" value="America/Denver"/>
    <property name="java.awt.printerjob" value="apple.awt.CPrinterJob"/>
    <property name="java.specification.version" value="1.6"/>
    <property name="file.encoding" value="MacRoman"/>
    <property name="user.name" value="scott"/>
    <property name="java.class.path" value="/Users/scott/Documents/Workspace/Ideas-To-Change-The-World/bettertomorrow/target/test-classes:/Users/scott/Documents/Workspace/Ideas-To-Change-The-World/bettertomorrow/target/classes:/Users/scott/.m2/repository/com/ideas/api-client/1.01/api-client-1.01.jar:/Users/scott/.m2/repository/com/ideas/utilities/1.01/utilities-1.01.jar:/Users/scott/.m2/repository/org/codehaus/jackson/jackson-mapper-asl/1.6.2/jackson-mapper-asl-1.6.2.jar:/Users/scott/.m2/repository/org/codehaus/jackson/jackson-core-asl/1.6.2/jackson-core-asl-1.6.2.jar:/Users/scott/.m2/repository/org/apache/httpcomponents/httpclient/4.0.1/httpclient-4.0.1.jar:/Users/scott/.m2/repository/org/apache/httpcomponents/httpcore/4.0.1/httpcore-4.0.1.jar:/Users/scott/.m2/repository/commons-logging/commons-logging/1.1.1/commons-logging-1.1.1.jar:/Users/scott/.m2/repository/commons-codec/commons-codec/1.3/commons-codec-1.3.jar:/Users/scott/.m2/repository/org/apache/httpcomponents/httpmime/4.0.1/httpmime-4.0.1.jar:/Users/scott/.m2/repository/org/apache/james/apache-mime4j/0.6/apache-mime4j-0.6.jar:/Users/scott/.m2/repository/org/mongodb/mongo-java-driver/1.3/mongo-java-driver-1.3.jar:/Users/scott/.m2/repository/org/apache/wicket/wicket/1.4.18/wicket-1.4.18.jar:/Users/scott/.m2/repository/org/slf4j/slf4j-api/1.5.8/slf4j-api-1.5.8.jar:/Users/scott/.m2/repository/org/slf4j/slf4j-log4j12/1.5.8/slf4j-log4j12-1.5.8.jar:/Users/scott/.m2/repository/log4j/log4j/1.2.14/log4j-1.2.14.jar:/Users/scott/.m2/repository/junit/junit/4.8.1/junit-4.8.1.jar:/Users/scott/.m2/repository/org/mortbay/jetty/jetty/6.1.25/jetty-6.1.25.jar:/Users/scott/.m2/repository/org/mortbay/jetty/servlet-api/2.5-20081211/servlet-api-2.5-20081211.jar:/Users/scott/.m2/repository/org/mortbay/jetty/jetty-util/6.1.25/jetty-util-6.1.25.jar:/Users/scott/.m2/repository/org/mortbay/jetty/jetty-management/6.1.25/jetty-management-6.1.25.jar:"/>
    <property name="java.vm.specification.version" value="1.0"/>
    <property name="sun.arch.data.model" value="64"/>
    <property name="java.home" value="/System/Library/Java/JavaVirtualMachines/1.6.0.jdk/Contents/Home"/>
    <property name="sun.java.command" value="/Users/scott/Documents/Workspace/Ideas-To-Change-The-World/bettertomorrow/target/surefire/surefirebooter2341832318426865104.jar /Users/scott/Documents/Workspace/Ideas-To-Change-The-World/bettertomorrow/target/surefire/surefire9163912421385728702tmp /Users/scott/Documents/Workspace/Ideas-To-Change-The-World/bettertomorrow/target/surefire/surefire3197761418632158830tmp"/>
    <property name="java.specification.vendor" value="Sun Microsystems Inc."/>
    <property name="user.language" value="en"/>
    <property name="awt.toolkit" value="apple.awt.CToolkit"/>
    <property name="java.vm.info" value="mixed mode"/>
    <property name="java.version" value="1.6.0_26"/>
    <property name="java.ext.dirs" value="/Users/scott/Library/Java/Extensions:/Library/Java/Extensions:/System/Library/Java/Extensions:/System/Library/Java/JavaVirtualMachines/1.6.0.jdk/Contents/Home/lib/ext"/>
    <property name="sun.boot.class.path" value="/System/Library/Java/JavaVirtualMachines/1.6.0.jdk/Contents/Classes/jsfd.jar:/System/Library/Java/JavaVirtualMachines/1.6.0.jdk/Contents/Classes/classes.jar:/System/Library/Frameworks/JavaVM.framework/Frameworks/JavaRuntimeSupport.framework/Resources/Java/JavaRuntimeSupport.jar:/System/Library/Java/JavaVirtualMachines/1.6.0.jdk/Contents/Classes/ui.jar:/System/Library/Java/JavaVirtualMachines/1.6.0.jdk/Contents/Classes/laf.jar:/System/Library/Java/JavaVirtualMachines/1.6.0.jdk/Contents/Classes/sunrsasign.jar:/System/Library/Java/JavaVirtualMachines/1.6.0.jdk/Contents/Classes/jsse.jar:/System/Library/Java/JavaVirtualMachines/1.6.0.jdk/Contents/Classes/jce.jar:/System/Library/Java/JavaVirtualMachines/1.6.0.jdk/Contents/Classes/charsets.jar"/>
    <property name="java.vendor" value="Apple Inc."/>
    <property name="localRepository" value="/Users/scott/.m2/repository"/>
    <property name="file.separator" value="/"/>
    <property name="java.vendor.url.bug" value="http://bugreport.apple.com/"/>
    <property name="sun.cpu.endian" value="little"/>
    <property name="sun.io.unicode.encoding" value="UnicodeLittle"/>
    <property name="mrj.version" value="1070.1.6.0_26-383"/>
    <property name="socksNonProxyHosts" value="local|*.local|169.254/16|*.169.254/16"/>
    <property name="ftp.nonProxyHosts" value="local|*.local|169.254/16|*.169.254/16"/>
    <property name="sun.cpu.isalist" value=""/>
  </properties>
  <testcase time="0.436" classname="com.ideastobettertheworld.TestHomePage" name="testRenderMyPage">
    <error message="path: &apos;message&apos; does not exist for page: HomePage" type="org.apache.wicket.WicketRuntimeException">org.apache.wicket.WicketRuntimeException: path: &apos;message&apos; does not exist for page: HomePage
	at org.apache.wicket.util.tester.BaseWicketTester.fail(BaseWicketTester.java:1596)
	at org.apache.wicket.util.tester.BaseWicketTester.getComponentFromLastRenderedPage(BaseWicketTester.java:489)
	at org.apache.wicket.util.tester.WicketTester.assertLabel(WicketTester.java:513)
	at com.ideastobettertheworld.TestHomePage.testRenderMyPage(TestHomePage.java:28)
	at sun.reflect.NativeMethodAccessorImpl.invoke0(Native Method)
	at sun.reflect.NativeMethodAccessorImpl.invoke(NativeMethodAccessorImpl.java:39)
	at sun.reflect.DelegatingMethodAccessorImpl.invoke(DelegatingMethodAccessorImpl.java:25)
	at java.lang.reflect.Method.invoke(Method.java:597)
	at junit.framework.TestCase.runTest(TestCase.java:168)
	at junit.framework.TestCase.runBare(TestCase.java:134)
	at junit.framework.TestResult$1.protect(TestResult.java:110)
	at junit.framework.TestResult.runProtected(TestResult.java:128)
	at junit.framework.TestResult.run(TestResult.java:113)
	at junit.framework.TestCase.run(TestCase.java:124)
	at junit.framework.TestSuite.runTest(TestSuite.java:232)
	at junit.framework.TestSuite.run(TestSuite.java:227)
	at org.junit.internal.runners.JUnit38ClassRunner.run(JUnit38ClassRunner.java:83)
	at org.apache.maven.surefire.junit4.JUnit4TestSet.execute(JUnit4TestSet.java:35)
	at org.apache.maven.surefire.junit4.JUnit4Provider.executeTestSet(JUnit4Provider.java:115)
	at org.apache.maven.surefire.junit4.JUnit4Provider.invoke(JUnit4Provider.java:97)
	at sun.reflect.NativeMethodAccessorImpl.invoke0(Native Method)
	at sun.reflect.NativeMethodAccessorImpl.invoke(NativeMethodAccessorImpl.java:39)
	at sun.reflect.DelegatingMethodAccessorImpl.invoke(DelegatingMethodAccessorImpl.java:25)
	at java.lang.reflect.Method.invoke(Method.java:597)
	at org.apache.maven.surefire.booter.ProviderFactory$ClassLoaderProxy.invoke(ProviderFactory.java:103)
	at $Proxy0.invoke(Unknown Source)
	at org.apache.maven.surefire.booter.SurefireStarter.invokeProvider(SurefireStarter.java:150)
	at org.apache.maven.surefire.booter.SurefireStarter.runSuitesInProcess(SurefireStarter.java:91)
	at org.apache.maven.surefire.booter.ForkedBooter.main(ForkedBooter.java:69)
</error>
    <system-out>@HL
@HL-------------------------------------------------------
@HL T E S T S
@HL-------------------------------------------------------
@SLRunning com.ideastobettertheworld.TestHomePage
INFO  - Application                - [WicketApplication] init: Wicket core library initializer
INFO  - RequestListenerInterface   - registered listener interface [RequestListenerInterface name=IBehaviorListener, method=public abstract void org.apache.wicket.behavior.IBehaviorListener.onRequest()]
INFO  - RequestListenerInterface   - registered listener interface [RequestListenerInterface name=IBehaviorListener, method=public abstract void org.apache.wicket.behavior.IBehaviorListener.onRequest()]
INFO  - RequestListenerInterface   - registered listener interface [RequestListenerInterface name=IFormSubmitListener, method=public abstract void org.apache.wicket.markup.html.form.IFormSubmitListener.onFormSubmitted()]
INFO  - RequestListenerInterface   - registered listener interface [RequestListenerInterface name=IFormSubmitListener, method=public abstract void org.apache.wicket.markup.html.form.IFormSubmitListener.onFormSubmitted()]
INFO  - RequestListenerInterface   - registered listener interface [RequestListenerInterface name=ILinkListener, method=public abstract void org.apache.wicket.markup.html.link.ILinkListener.onLinkClicked()]
INFO  - RequestListenerInterface   - registered listener interface [RequestListenerInterface name=ILinkListener, method=public abstract void org.apache.wicket.markup.html.link.ILinkListener.onLinkClicked()]
INFO  - RequestListenerInterface   - registered listener interface [RequestListenerInterface name=IOnChangeListener, method=public abstract void org.apache.wicket.markup.html.form.IOnChangeListener.onSelectionChanged()]
INFO  - RequestListenerInterface   - registered listener interface [RequestListenerInterface name=IOnChangeListener, method=public abstract void org.apache.wicket.markup.html.form.IOnChangeListener.onSelectionChanged()]
INFO  - RequestListenerInterface   - registered listener interface [RequestListenerInterface name=IRedirectListener, method=public abstract void org.apache.wicket.IRedirectListener.onRedirect()]
INFO  - RequestListenerInterface   - registered listener interface [RequestListenerInterface name=IRedirectListener, method=public abstract void org.apache.wicket.IRedirectListener.onRedirect()]
INFO  - RequestListenerInterface   - registered listener interface [RequestListenerInterface name=IResourceListener, method=public abstract void org.apache.wicket.IResourceListener.onResourceRequested()]
INFO  - RequestListenerInterface   - registered listener interface [RequestListenerInterface name=IResourceListener, method=public abstract void org.apache.wicket.IResourceListener.onResourceRequested()]
INFO  - RequestListenerInterface   - registered listener interface [RequestListenerInterface name=IActivePageBehaviorListener, method=public abstract void org.apache.wicket.behavior.IBehaviorListener.onRequest()]
INFO  - RequestListenerInterface   - registered listener interface [RequestListenerInterface name=IActivePageBehaviorListener, method=public abstract void org.apache.wicket.behavior.IBehaviorListener.onRequest()]
INFO  - WebApplication             - [WicketApplication] Started Wicket version 1.4.18 in development mode
</system-out>
    <system-err>********************************************************************
*** WARNING: Wicket is running in DEVELOPMENT mode.              ***
***                               ^^^^^^^^^^^                    ***
*** Do NOT deploy to your live server(s) without changing this.  ***
*** See Application#getConfigurationType() for more information. ***
********************************************************************
</system-err>
  </testcase>
</testsuite>